This file contains any messages produced by compilers while
running configure, to aid debugging if configure makes a mistake.

It was created by configure, which was
generated by GNU Autoconf 2.69.  Invocation command line was

  $ ./configure --disable-option-checking --prefix=/Users/gnandigam/Downloads/CSC-0857/C1-WholeGenomeAllignment/gnuplot --cache-file=/dev/null --srcdir=.

## --------- ##
## Platform. ##
## --------- ##

hostname = sfs-wifi-aruba-dhcp-130-212-157-26.sfsu.edu
uname -m = x86_64
uname -r = 11.4.2
uname -s = Darwin
uname -v = Darwin Kernel Version 11.4.2: Thu Aug 23 16:25:48 PDT 2012; root:xnu-1699.32.7~1/RELEASE_X86_64

/usr/bin/uname -p = i386
/bin/uname -X     = unknown

/bin/arch              = unknown
/usr/bin/arch -k       = unknown
/usr/convex/getsysinfo = unknown
/usr/bin/hostinfo      = Mach kernel version:
	 Darwin Kernel Version 11.4.2: Thu Aug 23 16:25:48 PDT 2012; root:xnu-1699.32.7~1/RELEASE_X86_64
Kernel configured for up to 8 processors.
4 processors are physically available.
8 processors are logically available.
Processor type: i486 (Intel 80486)
Processors active: 0 1 2 3 4 5 6 7
Primary memory available: 8.00 gigabytes
Default processor set: 128 tasks, 734 threads, 8 processors
Load average: 3.08, Mach factor: 4.90
/bin/machine           = unknown
/usr/bin/oslevel       = unknown
/bin/universe          = unknown

PATH: /Users/gnandigam/.gvm/groovy/current/bin
PATH: /Users/gnandigam/.gvm/grails/current/bin
PATH: /Users/gnandigam/.gvm/griffon/current/bin
PATH: /Users/gnandigam/.gvm/gradle/current/bin
PATH: /Users/gnandigam/.gvm/lazybones/current/bin
PATH: /Users/gnandigam/.gvm/vertx/current/bin
PATH: /Users/gnandigam/.gvm/bin
PATH: /Users/gnandigam/.gvm/ext
PATH: /opt/local/bin
PATH: /opt/local/sbin
PATH: /bin
PATH: /usr/bin
PATH: /bin
PATH: /usr/sbin
PATH: /sbin
PATH: /usr/local/bin
PATH: /usr/X11/bin
PATH: /usr/local/git/bin
PATH: /Users/gnandigam/dev/tools/hive-0.11.0/bin
PATH: /Users/gnandigam/dev/tools/hadoop-1.1.2/bin
PATH: /Users/gnandigam/dev/tools/aws/auto-scaling/bin
PATH: /Users/gnandigam/dev/tools/aws/ec2-api-tools-1.5.2.5/bin
PATH: /Users/gnandigam/dev/tools/aws/ec2-ami-tools-1.4.0.9/bin
PATH: /Users/gnandigam/dev/tools/grails-2.1.1/bin
PATH: /Users/gnandigam/dev/tools/aws/cloudWatch-1.0.12.1/bin
PATH: /Users/gnandigam/dev/tools/sonar-runner-1.4/bin
PATH: /Users/gnandigam/dev/tools/scala-2.10.2/bin
PATH: /Users/gnandigam/dev/tools/play-2.2.0
PATH: /Users/gnandigam/dev/tools/depot_tools


## ----------- ##
## Core tests. ##
## ----------- ##

configure:1780: checking for a BSD-compatible install
configure:1848: result: /usr/bin/install -c
configure:1859: checking whether build environment is sane
configure:1914: result: yes
configure:2065: checking for a thread-safe mkdir -p
configure:2104: result: ./../install-sh -c -d
configure:2111: checking for gawk
configure:2141: result: no
configure:2111: checking for mawk
configure:2141: result: no
configure:2111: checking for nawk
configure:2141: result: no
configure:2111: checking for awk
configure:2127: found /usr/bin/awk
configure:2138: result: awk
configure:2149: checking whether make sets $(MAKE)
configure:2171: result: yes
configure:2200: checking whether make supports nested variables
configure:2217: result: yes
configure:2298: checking whether make sets $(MAKE)
configure:2320: result: yes
configure:2337: checking for emacs
configure:2353: found /usr/bin/emacs
configure:2364: result: emacs
configure:2388: checking where .elc files should go
configure:2401: $EMACS -batch -q -eval '(while load-path (princ (concat (car load-path) "\n")) (setq load-path (cdr load-path)))' </dev/null >conftest.out
configure:2404: $? = 0
configure:2417: result: ${datarootdir}/emacs/site-lisp
configure:2430: checking for dvips
configure:2460: result: no
configure:2473: checking for latex
configure:2503: result: no
configure:2473: checking for latex2e
configure:2503: result: no
configure:2514: checking for makeinfo
configure:2532: found /usr/bin/makeinfo
configure:2545: result: /usr/bin/makeinfo
configure:2558: checking for pdflatex
configure:2588: result: no
configure:2775: checking that generated files are newer than configure
configure:2781: result: done
configure:2789: creating ./config.status

## ---------------------- ##
## Running config.status. ##
## ---------------------- ##

This file was extended by config.status, which was
generated by GNU Autoconf 2.69.  Invocation command line was

  CONFIG_FILES    = 
  CONFIG_HEADERS  = 
  CONFIG_LINKS    = 
  CONFIG_COMMANDS = 
  $ ./config.status 

on sfs-wifi-aruba-dhcp-130-212-157-26.sfsu.edu

config.status:750: creating Makefile

## ---------------- ##
## Cache variables. ##
## ---------------- ##

ac_cv_env_EMACSLOADPATH_set=
ac_cv_env_EMACSLOADPATH_value=
ac_cv_env_EMACS_set=
ac_cv_env_EMACS_value=
ac_cv_env_build_alias_set=
ac_cv_env_build_alias_value=
ac_cv_env_host_alias_set=
ac_cv_env_host_alias_value=
ac_cv_env_target_alias_set=
ac_cv_env_target_alias_value=
ac_cv_path_MAKEINFO=/usr/bin/makeinfo
ac_cv_path_install='/usr/bin/install -c'
ac_cv_prog_AWK=awk
ac_cv_prog_EMACS=emacs
ac_cv_prog_make_make_set=yes
am_cv_lispdir='${datarootdir}/emacs/site-lisp'
am_cv_make_support_nested_variables=yes

## ----------------- ##
## Output variables. ##
## ----------------- ##

ACLOCAL='${SHELL} /Users/gnandigam/Downloads/CSC-0857/C1-WholeGenomeAllignment/gnuplot-4.6.4/missing aclocal-1.13'
AMTAR='$${TAR-tar}'
AM_BACKSLASH='\'
AM_DEFAULT_V='$(AM_DEFAULT_VERBOSITY)'
AM_DEFAULT_VERBOSITY='1'
AM_V='$(V)'
AUTOCONF='${SHELL} /Users/gnandigam/Downloads/CSC-0857/C1-WholeGenomeAllignment/gnuplot-4.6.4/missing autoconf'
AUTOHEADER='${SHELL} /Users/gnandigam/Downloads/CSC-0857/C1-WholeGenomeAllignment/gnuplot-4.6.4/missing autoheader'
AUTOMAKE='${SHELL} /Users/gnandigam/Downloads/CSC-0857/C1-WholeGenomeAllignment/gnuplot-4.6.4/missing automake-1.13'
AWK='awk'
CYGPATH_W='echo'
DEFS='-DPACKAGE_NAME=\"\" -DPACKAGE_TARNAME=\"\" -DPACKAGE_VERSION=\"\" -DPACKAGE_STRING=\"\" -DPACKAGE_BUGREPORT=\"\" -DPACKAGE_URL=\"\" -DPACKAGE=\"gnuplot-mode\" -DVERSION=\"0.6.0\"'
DVIPS='no'
ECHO_C='\c'
ECHO_N=''
ECHO_T=''
EMACS='emacs'
EMACSLOADPATH=''
INSTALL_DATA='${INSTALL} -m 644'
INSTALL_LISP='install-lisp'
INSTALL_PROGRAM='${INSTALL}'
INSTALL_SCRIPT='${INSTALL}'
INSTALL_STRIP_PROGRAM='$(install_sh) -c -s'
LATEX='no'
LIBOBJS=''
LIBS=''
LISPFILES='elcs'
LTLIBOBJS=''
MAKEINFO='/usr/bin/makeinfo'
MKDIR_P='./../install-sh -c -d'
PACKAGE='gnuplot-mode'
PACKAGE_BUGREPORT=''
PACKAGE_NAME=''
PACKAGE_STRING=''
PACKAGE_TARNAME=''
PACKAGE_URL=''
PACKAGE_VERSION=''
PATH_SEPARATOR=':'
PDFLATEX='no'
SET_MAKE=''
SHELL='/bin/sh'
STRIP=''
VERSION='0.6.0'
am__isrc=''
am__leading_dot='.'
am__tar='$${TAR-tar} chof - "$$tardir"'
am__untar='$${TAR-tar} xf -'
bindir='${exec_prefix}/bin'
build_alias=''
datadir='${datarootdir}'
datarootdir='${prefix}/share'
docdir='${datarootdir}/doc/${PACKAGE}'
dvidir='${docdir}'
exec_prefix='${prefix}'
host_alias=''
htmldir='${docdir}'
includedir='${prefix}/include'
infodir='${datarootdir}/info'
install_sh='${SHELL} /Users/gnandigam/Downloads/CSC-0857/C1-WholeGenomeAllignment/gnuplot-4.6.4/install-sh'
libdir='${exec_prefix}/lib'
libexecdir='${exec_prefix}/libexec'
lispdir='${datarootdir}/emacs/site-lisp'
localedir='${datarootdir}/locale'
localstatedir='${prefix}/var'
mandir='${datarootdir}/man'
mkdir_p='$(MKDIR_P)'
oldincludedir='/usr/include'
pdfdir='${docdir}'
prefix='/Users/gnandigam/Downloads/CSC-0857/C1-WholeGenomeAllignment/gnuplot'
program_transform_name='s,x,x,'
psdir='${docdir}'
sbindir='${exec_prefix}/sbin'
sharedstatedir='${prefix}/com'
sysconfdir='${prefix}/etc'
target_alias=''

## ----------- ##
## confdefs.h. ##
## ----------- ##

/* confdefs.h */
#define PACKAGE_NAME ""
#define PACKAGE_TARNAME ""
#define PACKAGE_VERSION ""
#define PACKAGE_STRING ""
#define PACKAGE_BUGREPORT ""
#define PACKAGE_URL ""
#define PACKAGE "gnuplot-mode"
#define VERSION "0.6.0"

configure: exit 0
