/Users/gnandigam/Downloads/CSC-0857/C1-WholeGenomeAllignment/MUMmer3.23/delcher_dataset/Mycoplasma_pneumoniae_M129.fasta /Users/gnandigam/Downloads/CSC-0857/C1-WholeGenomeAllignment/MUMmer3.23/delcher_dataset/Mycoplasma_genitalium_G37.fasta
PROMER

[SEQ]	[TYPE]	[S1]	[E1]	[LEN 1]
gi|13507739|ref|NC_000912.1|	BRK	1	568	568
gi|13507739|ref|NC_000912.1|	GAP	1850	1834	-15	-22	7
gi|13507739|ref|NC_000912.1|	DUP	2817	7529	4713
gi|13507739|ref|NC_000912.1|	DUP	2868	8615	5748
gi|13507739|ref|NC_000912.1|	JMP	8616	8578	-37
gi|13507739|ref|NC_000912.1|	GAP	9389	9946	558	562	-4
gi|13507739|ref|NC_000912.1|	GAP	12056	15824	3769	-6	3775
gi|13507739|ref|NC_000912.1|	GAP	17346	17344	-1	1	-2
gi|13507739|ref|NC_000912.1|	GAP	18227	17903	-323	-332	9
gi|13507739|ref|NC_000912.1|	GAP	18993	19067	75	68	7
gi|13507739|ref|NC_000912.1|	GAP	19242	19294	53	63	-10
gi|13507739|ref|NC_000912.1|	GAP	21383	20744	-638	-632	-6
gi|13507739|ref|NC_000912.1|	GAP	26121	26096	-24	-25	1
gi|13507739|ref|NC_000912.1|	GAP	27861	28094	234	231	3
gi|13507739|ref|NC_000912.1|	GAP	30207	29577	-629	-620	-9
gi|13507739|ref|NC_000912.1|	GAP	32164	32989	826	184	642
gi|13507739|ref|NC_000912.1|	GAP	33953	33978	26	6	20
gi|13507739|ref|NC_000912.1|	GAP	35692	35377	-314	-308	-6
gi|13507739|ref|NC_000912.1|	GAP	36140	36130	-9	-11	2
gi|13507739|ref|NC_000912.1|	GAP	41132	43580	2449	262	2187
gi|13507739|ref|NC_000912.1|	GAP	45666	52489	6824	909	5915
gi|13507739|ref|NC_000912.1|	GAP	53069	53049	-19	-5	-14
gi|13507739|ref|NC_000912.1|	GAP	54430	53782	-647	-650	3
gi|13507739|ref|NC_000912.1|	GAP	56132	55911	-220	-223	3
gi|13507739|ref|NC_000912.1|	GAP	57292	61976	4685	-1	4686
gi|13507739|ref|NC_000912.1|	GAP	63705	61993	-1711	-1711	0
gi|13507739|ref|NC_000912.1|	GAP	64673	64824	152	143	9
gi|13507739|ref|NC_000912.1|	JMP	66439	66773	335
gi|13507739|ref|NC_000912.1|	GAP	67101	70349	3249	119	3130
gi|13507739|ref|NC_000912.1|	GAP	72876	71202	-1673	-1679	6
gi|13507739|ref|NC_000912.1|	GAP	72919	72952	34	16	18
gi|13507739|ref|NC_000912.1|	GAP	74114	73782	-331	-331	0
gi|13507739|ref|NC_000912.1|	GAP	75271	75242	-28	-26	-2
gi|13507739|ref|NC_000912.1|	GAP	76608	76116	-491	-491	0
gi|13507739|ref|NC_000912.1|	GAP	77350	77648	299	229	70
gi|13507739|ref|NC_000912.1|	GAP	80544	79549	-994	-991	-3
gi|13507739|ref|NC_000912.1|	GAP	81680	81689	10	8	2
gi|13507739|ref|NC_000912.1|	GAP	82080	82056	-23	-10	-13
gi|13507739|ref|NC_000912.1|	GAP	84688	83586	-1101	-1095	-6
gi|13507739|ref|NC_000912.1|	GAP	84742	85047	306	303	3
gi|13507739|ref|NC_000912.1|	GAP	85219	85384	166	164	2
gi|13507739|ref|NC_000912.1|	DUP	85774	89259	3486
gi|13507739|ref|NC_000912.1|	JMP	89260	89298	39
gi|13507739|ref|NC_000912.1|	GAP	91039	91198	160	-1704	1864
gi|13507739|ref|NC_000912.1|	GAP	93173	93190	18	19	-1
gi|13507739|ref|NC_000912.1|	GAP	95570	94055	-1514	-1481	-33
gi|13507739|ref|NC_000912.1|	GAP	96177	96397	221	240	-19
gi|13507739|ref|NC_000912.1|	GAP	100568	99981	-586	-586	0
gi|13507739|ref|NC_000912.1|	GAP	101968	101984	17	0	17
gi|13507739|ref|NC_000912.1|	GAP	103947	103937	-9	-5	-4
gi|13507739|ref|NC_000912.1|	GAP	105522	105582	61	17	44
gi|13507739|ref|NC_000912.1|	JMP	107146	118313	11168
gi|13507739|ref|NC_000912.1|	JMP	119742	119741	0
gi|13507739|ref|NC_000912.1|	JMP	119901	119741	-159
gi|13507739|ref|NC_000912.1|	JMP	119850	119920	71
gi|13507739|ref|NC_000912.1|	GAP	121259	121256	-2	0	-2
gi|13507739|ref|NC_000912.1|	GAP	121641	121640	0	1	-1
gi|13507739|ref|NC_000912.1|	GAP	121932	121933	2	6	-4
gi|13507739|ref|NC_000912.1|	GAP	122870	122857	-12	-8	-4
gi|13507739|ref|NC_000912.1|	JMP	123152	135664	12513
gi|13507739|ref|NC_000912.1|	GAP	136871	136758	-112	-120	8
gi|13507739|ref|NC_000912.1|	GAP	139195	150693	11499	37	11462
gi|13507739|ref|NC_000912.1|	GAP	151504	151439	-64	-63	-1
gi|13507739|ref|NC_000912.1|	GAP	151842	151804	-37	-37	0
gi|13507739|ref|NC_000912.1|	GAP	152957	154406	1450	541	909
gi|13507739|ref|NC_000912.1|	GAP	155292	155208	-83	-46	-37
gi|13507739|ref|NC_000912.1|	GAP	156007	155930	-76	-66	-10
gi|13507739|ref|NC_000912.1|	GAP	156453	156466	14	16	-2
gi|13507739|ref|NC_000912.1|	GAP	160721	157455	-3265	-3244	-21
gi|13507739|ref|NC_000912.1|	GAP	160753	160753	1	-7	8
gi|13507739|ref|NC_000912.1|	GAP	161789	160766	-1022	-1013	-9
gi|13507739|ref|NC_000912.1|	GAP	161877	161795	-81	-77	-4
gi|13507739|ref|NC_000912.1|	GAP	163521	163531	11	19	-8
gi|13507739|ref|NC_000912.1|	JMP	164081	173226	9146
gi|13507739|ref|NC_000912.1|	GAP	174955	174955	1	2	-1
gi|13507739|ref|NC_000912.1|	GAP	175949	174959	-989	-989	0
gi|13507739|ref|NC_000912.1|	GAP	176898	179882	2985	147	2838
gi|13507739|ref|NC_000912.1|	GAP	183573	184946	1374	1107	267
gi|13507739|ref|NC_000912.1|	GAP	185697	187132	1436	865	571
gi|13507739|ref|NC_000912.1|	BRK	189398	201415	12018
gi|13507739|ref|NC_000912.1|	DUP	201416	202168	753
gi|13507739|ref|NC_000912.1|	JMP	202169	202358	190
gi|13507739|ref|NC_000912.1|	GAP	205734	205815	82	73	9
gi|13507739|ref|NC_000912.1|	GAP	207169	207478	310	222	88
gi|13507739|ref|NC_000912.1|	GAP	209549	209553	5	-8	13
gi|13507739|ref|NC_000912.1|	GAP	209995	211960	1966	1550	416
gi|13507739|ref|NC_000912.1|	GAP	213473	213173	-299	-281	-18
gi|13507739|ref|NC_000912.1|	GAP	214380	217080	2701	2234	467
gi|13507739|ref|NC_000912.1|	GAP	217561	217629	69	65	4
gi|13507739|ref|NC_000912.1|	GAP	217960	217969	10	0	10
gi|13507739|ref|NC_000912.1|	GAP	219152	218684	-467	-458	-9
gi|13507739|ref|NC_000912.1|	GAP	219474	219431	-42	-41	-1
gi|13507739|ref|NC_000912.1|	GAP	219813	220069	257	-73	330
gi|13507739|ref|NC_000912.1|	GAP	221372	221284	-87	-80	-7
gi|13507739|ref|NC_000912.1|	GAP	221738	221753	16	-25	41
gi|13507739|ref|NC_000912.1|	DUP	222610	223368	759
gi|13507739|ref|NC_000912.1|	JMP	223369	223361	-7
gi|13507739|ref|NC_000912.1|	JMP	224319	224333	15
gi|13507739|ref|NC_000912.1|	GAP	224895	224865	-29	-28	-1
gi|13507739|ref|NC_000912.1|	GAP	226051	226056	6	4	2
gi|13507739|ref|NC_000912.1|	GAP	226402	226377	-24	-32	8
gi|13507739|ref|NC_000912.1|	GAP	227065	227063	-1	1	-2
gi|13507739|ref|NC_000912.1|	GAP	228972	227458	-1513	-1531	18
gi|13507739|ref|NC_000912.1|	GAP	229253	230027	775	778	-3
gi|13507739|ref|NC_000912.1|	GAP	231423	231405	-17	2	-19
gi|13507739|ref|NC_000912.1|	GAP	232432	232767	336	346	-10
gi|13507739|ref|NC_000912.1|	GAP	235870	235940	71	71	0
gi|13507739|ref|NC_000912.1|	GAP	238350	238363	14	6	8
gi|13507739|ref|NC_000912.1|	GAP	240134	240337	204	-3	207
gi|13507739|ref|NC_000912.1|	BRK	241631	243460	1830
gi|13507739|ref|NC_000912.1|	DUP	243461	244135	675
gi|13507739|ref|NC_000912.1|	JMP	244136	243521	-614
gi|13507739|ref|NC_000912.1|	JMP	244380	250232	5853
gi|13507739|ref|NC_000912.1|	GAP	253206	253723	518	19	499
gi|13507739|ref|NC_000912.1|	GAP	254789	255841	1053	1053	0
gi|13507739|ref|NC_000912.1|	GAP	260414	257089	-3324	-3321	-3
gi|13507739|ref|NC_000912.1|	GAP	261662	262128	467	432	35
gi|13507739|ref|NC_000912.1|	GAP	265669	264878	-790	-790	0
gi|13507739|ref|NC_000912.1|	GAP	265683	265765	83	92	-9
gi|13507739|ref|NC_000912.1|	GAP	268709	267543	-1165	-1159	-6
gi|13507739|ref|NC_000912.1|	GAP	269404	269425	22	-25	47
gi|13507739|ref|NC_000912.1|	GAP	273209	270908	-2300	-2255	-45
gi|13507739|ref|NC_000912.1|	GAP	273342	273619	278	278	0
gi|13507739|ref|NC_000912.1|	GAP	276305	276408	104	104	0
gi|13507739|ref|NC_000912.1|	GAP	277117	277136	20	-14	34
gi|13507739|ref|NC_000912.1|	GAP	277710	277650	-59	-54	-5
gi|13507739|ref|NC_000912.1|	GAP	279727	279764	38	33	5
gi|13507739|ref|NC_000912.1|	GAP	280419	280429	11	18	-7
gi|13507739|ref|NC_000912.1|	GAP	281768	280670	-1097	-1082	-15
gi|13507739|ref|NC_000912.1|	GAP	284517	287413	2897	2947	-50
gi|13507739|ref|NC_000912.1|	GAP	287963	287420	-542	-542	0
gi|13507739|ref|NC_000912.1|	GAP	292977	291199	-1777	-1777	0
gi|13507739|ref|NC_000912.1|	GAP	293372	294100	729	721	8
gi|13507739|ref|NC_000912.1|	GAP	294365	294380	16	11	5
gi|13507739|ref|NC_000912.1|	GAP	296562	296563	2	7	-5
gi|13507739|ref|NC_000912.1|	GAP	297605	296585	-1019	-1025	6
gi|13507739|ref|NC_000912.1|	GAP	299196	299053	-142	-139	-3
gi|13507739|ref|NC_000912.1|	GAP	300554	300272	-281	-281	0
gi|13507739|ref|NC_000912.1|	GAP	301107	301103	-3	-4	1
gi|13507739|ref|NC_000912.1|	GAP	302733	301866	-866	-845	-21
gi|13507739|ref|NC_000912.1|	GAP	303022	303015	-6	-2	-4
gi|13507739|ref|NC_000912.1|	GAP	304480	305564	1085	1071	14
gi|13507739|ref|NC_000912.1|	GAP	306525	307341	817	793	24
gi|13507739|ref|NC_000912.1|	GAP	309745	309715	-29	-27	-2
gi|13507739|ref|NC_000912.1|	GAP	311432	311292	-139	-139	0
gi|13507739|ref|NC_000912.1|	GAP	314524	315872	1349	1333	16
gi|13507739|ref|NC_000912.1|	GAP	317037	316602	-434	-434	0
gi|13507739|ref|NC_000912.1|	GAP	318361	318143	-217	-223	6
gi|13507739|ref|NC_000912.1|	GAP	318561	318565	5	7	-2
gi|13507739|ref|NC_000912.1|	GAP	321227	324193	2967	257	2710
gi|13507739|ref|NC_000912.1|	GAP	325124	324431	-692	-713	21
gi|13507739|ref|NC_000912.1|	GAP	325665	325623	-41	-31	-10
gi|13507739|ref|NC_000912.1|	GAP	326854	326831	-22	-21	-1
gi|13507739|ref|NC_000912.1|	GAP	328638	329402	765	750	15
gi|13507739|ref|NC_000912.1|	GAP	331221	331116	-104	-117	13
gi|13507739|ref|NC_000912.1|	GAP	331348	331347	0	2	-2
gi|13507739|ref|NC_000912.1|	JMP	333070	344496	11427
gi|13507739|ref|NC_000912.1|	JMP	347071	348294	1224
gi|13507739|ref|NC_000912.1|	GAP	348901	348838	-62	-62	0
gi|13507739|ref|NC_000912.1|	DUP	349645	350370	726
gi|13507739|ref|NC_000912.1|	JMP	350371	351062	692
gi|13507739|ref|NC_000912.1|	GAP	351903	351643	-259	-274	15
gi|13507739|ref|NC_000912.1|	GAP	351908	351975	68	51	17
gi|13507739|ref|NC_000912.1|	GAP	352756	352727	-28	-32	4
gi|13507739|ref|NC_000912.1|	GAP	353520	353534	15	13	2
gi|13507739|ref|NC_000912.1|	GAP	354957	355038	82	13	69
gi|13507739|ref|NC_000912.1|	GAP	355678	355986	309	293	16
gi|13507739|ref|NC_000912.1|	DUP	358334	358447	114
gi|13507739|ref|NC_000912.1|	JMP	358448	358436	-11
gi|13507739|ref|NC_000912.1|	GAP	358584	358554	-29	-40	11
gi|13507739|ref|NC_000912.1|	GAP	358708	358756	49	51	-2
gi|13507739|ref|NC_000912.1|	GAP	358910	358912	3	4	-1
gi|13507739|ref|NC_000912.1|	GAP	359000	365455	6456	1258	5198
gi|13507739|ref|NC_000912.1|	GAP	371066	370887	-178	-172	-6
gi|13507739|ref|NC_000912.1|	GAP	372013	372743	731	443	288
gi|13507739|ref|NC_000912.1|	GAP	373182	373345	164	79	85
gi|13507739|ref|NC_000912.1|	GAP	374774	374745	-28	-29	1
gi|13507739|ref|NC_000912.1|	GAP	376414	376064	-349	-349	0
gi|13507739|ref|NC_000912.1|	GAP	379695	378672	-1022	-1007	-15
gi|13507739|ref|NC_000912.1|	GAP	380143	380609	467	447	20
gi|13507739|ref|NC_000912.1|	GAP	381528	382020	493	493	0
gi|13507739|ref|NC_000912.1|	GAP	383080	383036	-43	-48	5
gi|13507739|ref|NC_000912.1|	GAP	383508	383524	17	12	5
gi|13507739|ref|NC_000912.1|	GAP	385691	385833	143	89	54
gi|13507739|ref|NC_000912.1|	GAP	386263	386408	146	143	3
gi|13507739|ref|NC_000912.1|	GAP	386799	386427	-371	-371	0
gi|13507739|ref|NC_000912.1|	GAP	387700	387755	56	56	0
gi|13507739|ref|NC_000912.1|	GAP	388938	388919	-18	-1	-17
gi|13507739|ref|NC_000912.1|	GAP	390318	390282	-35	-28	-7
gi|13507739|ref|NC_000912.1|	GAP	392806	398345	5540	-106	5646
gi|13507739|ref|NC_000912.1|	GAP	399450	399467	18	-2	20
gi|13507739|ref|NC_000912.1|	GAP	403371	399483	-3887	-3884	-3
gi|13507739|ref|NC_000912.1|	BRK	403813	403929	117
gi|13507739|ref|NC_000912.1|	DUP	403930	405060	1131
gi|13507739|ref|NC_000912.1|	DUP	405061	405459	399
gi|13507739|ref|NC_000912.1|	BRK	405460	405596	137
gi|13507739|ref|NC_000912.1|	BRK	407721	415955	8235
gi|13507739|ref|NC_000912.1|	DUP	415956	416873	918
gi|13507739|ref|NC_000912.1|	GAP	417397	417390	-6	-11	5
gi|13507739|ref|NC_000912.1|	GAP	418120	418112	-7	-8	1
gi|13507739|ref|NC_000912.1|	GAP	418758	418599	-158	-158	0
gi|13507739|ref|NC_000912.1|	GAP	420265	420805	541	500	41
gi|13507739|ref|NC_000912.1|	GAP	422156	422156	1	1	0
gi|13507739|ref|NC_000912.1|	GAP	423492	423488	-3	-5	2
gi|13507739|ref|NC_000912.1|	GAP	427671	427666	-4	-2	-2
gi|13507739|ref|NC_000912.1|	GAP	428768	428752	-15	-14	-1
gi|13507739|ref|NC_000912.1|	GAP	429281	429426	146	125	21
gi|13507739|ref|NC_000912.1|	GAP	429604	429431	-172	-172	0
gi|13507739|ref|NC_000912.1|	GAP	430374	430303	-70	-60	-10
gi|13507739|ref|NC_000912.1|	GAP	430751	430627	-123	-124	1
gi|13507739|ref|NC_000912.1|	GAP	431726	431673	-52	-51	-1
gi|13507739|ref|NC_000912.1|	JMP	433069	453154	20086
gi|13507739|ref|NC_000912.1|	GAP	453383	453349	-33	-32	-1
gi|13507739|ref|NC_000912.1|	GAP	457976	458125	150	147	3
gi|13507739|ref|NC_000912.1|	GAP	459239	459541	303	303	0
gi|13507739|ref|NC_000912.1|	GAP	460391	460386	-4	3	-7
gi|13507739|ref|NC_000912.1|	GAP	463114	463111	-2	3	-5
gi|13507739|ref|NC_000912.1|	DUP	463864	464094	231
gi|13507739|ref|NC_000912.1|	JMP	464095	464664	570
gi|13507739|ref|NC_000912.1|	GAP	466447	466466	20	4	16
gi|13507739|ref|NC_000912.1|	GAP	469062	469373	312	243	69
gi|13507739|ref|NC_000912.1|	GAP	470370	470375	6	2	4
gi|13507739|ref|NC_000912.1|	GAP	471492	471481	-10	-9	-1
gi|13507739|ref|NC_000912.1|	GAP	472916	472982	67	82	-15
gi|13507739|ref|NC_000912.1|	GAP	474045	473547	-497	-497	0
gi|13507739|ref|NC_000912.1|	GAP	479080	476286	-2793	-2802	9
gi|13507739|ref|NC_000912.1|	GAP	479329	480248	920	846	74
gi|13507739|ref|NC_000912.1|	JMP	482025	482284	260
gi|13507739|ref|NC_000912.1|	DUP	482362	482646	285
gi|13507739|ref|NC_000912.1|	JMP	482647	482639	-7
gi|13507739|ref|NC_000912.1|	GAP	482763	482758	-4	-6	2
gi|13507739|ref|NC_000912.1|	GAP	483311	483285	-25	-26	1
gi|13507739|ref|NC_000912.1|	GAP	485029	485121	93	103	-10
gi|13507739|ref|NC_000912.1|	GAP	485605	486514	910	906	4
gi|13507739|ref|NC_000912.1|	GAP	487478	499858	12381	4860	7521
gi|13507739|ref|NC_000912.1|	GAP	501248	501600	353	353	0
gi|13507739|ref|NC_000912.1|	GAP	503299	503654	356	352	4
gi|13507739|ref|NC_000912.1|	GAP	507519	505524	-1994	-2009	15
gi|13507739|ref|NC_000912.1|	GAP	508627	508768	142	120	22
gi|13507739|ref|NC_000912.1|	GAP	509855	508913	-941	-941	0
gi|13507739|ref|NC_000912.1|	GAP	509865	509863	-1	7	-8
gi|13507739|ref|NC_000912.1|	GAP	510281	510550	270	89	181
gi|13507739|ref|NC_000912.1|	GAP	511595	511587	-7	-6	-1
gi|13507739|ref|NC_000912.1|	GAP	514591	515604	1014	154	860
gi|13507739|ref|NC_000912.1|	GAP	516568	516607	40	23	17
gi|13507739|ref|NC_000912.1|	GAP	517835	517836	2	1	1
gi|13507739|ref|NC_000912.1|	GAP	519835	517837	-1997	-1997	0
gi|13507739|ref|NC_000912.1|	GAP	519848	519857	10	11	-1
gi|13507739|ref|NC_000912.1|	GAP	520773	520836	64	64	0
gi|13507739|ref|NC_000912.1|	GAP	521746	521683	-62	-82	20
gi|13507739|ref|NC_000912.1|	GAP	523670	523715	46	66	-20
gi|13507739|ref|NC_000912.1|	GAP	524868	524759	-108	-109	1
gi|13507739|ref|NC_000912.1|	GAP	528651	536513	7863	-64	7927
gi|13507739|ref|NC_000912.1|	GAP	541827	541793	-33	-34	1
gi|13507739|ref|NC_000912.1|	GAP	543351	542610	-740	-746	6
gi|13507739|ref|NC_000912.1|	GAP	544174	545340	1167	1419	-252
gi|13507739|ref|NC_000912.1|	GAP	546367	546390	24	20	4
gi|13507739|ref|NC_000912.1|	GAP	547342	546791	-550	-547	-3
gi|13507739|ref|NC_000912.1|	GAP	549081	549311	231	231	0
gi|13507739|ref|NC_000912.1|	GAP	550635	552053	1419	1174	245
gi|13507739|ref|NC_000912.1|	GAP	552693	552720	28	5	23
gi|13507739|ref|NC_000912.1|	JMP	553501	553538	38
gi|13507739|ref|NC_000912.1|	GAP	554127	554214	88	100	-12
gi|13507739|ref|NC_000912.1|	GAP	555358	555343	-14	-16	2
gi|13507739|ref|NC_000912.1|	BRK	558452	558743	292
gi|13507739|ref|NC_000912.1|	DUP	558744	559343	600
gi|13507739|ref|NC_000912.1|	BRK	559344	560125	782
gi|13507739|ref|NC_000912.1|	DUP	560126	562549	2424
gi|13507739|ref|NC_000912.1|	JMP	562550	562144	-405
gi|13507739|ref|NC_000912.1|	GAP	564365	564371	7	8	-1
gi|13507739|ref|NC_000912.1|	GAP	565068	571542	6475	119	6356
gi|13507739|ref|NC_000912.1|	GAP	571660	571697	38	36	2
gi|13507739|ref|NC_000912.1|	GAP	571989	572479	491	495	-4
gi|13507739|ref|NC_000912.1|	GAP	574253	574224	-28	-33	5
gi|13507739|ref|NC_000912.1|	GAP	575170	575165	-4	3	-7
gi|13507739|ref|NC_000912.1|	GAP	576237	579395	3159	2043	1116
gi|13507739|ref|NC_000912.1|	GAP	580785	580749	-35	-30	-5
gi|13507739|ref|NC_000912.1|	GAP	581404	581845	442	433	9
gi|13507739|ref|NC_000912.1|	DUP	585229	587841	2613
gi|13507739|ref|NC_000912.1|	JMP	587842	590568	2727
gi|13507739|ref|NC_000912.1|	GAP	591829	592155	327	328	-1
gi|13507739|ref|NC_000912.1|	GAP	592537	592463	-73	-66	-7
gi|13507739|ref|NC_000912.1|	GAP	596301	596842	542	213	329
gi|13507739|ref|NC_000912.1|	GAP	597881	628409	30529	2413	28116
gi|13507739|ref|NC_000912.1|	GAP	637011	636542	-468	-468	0
gi|13507739|ref|NC_000912.1|	GAP	637041	638080	1040	29	1011
gi|13507739|ref|NC_000912.1|	GAP	639179	639141	-37	-51	14
gi|13507739|ref|NC_000912.1|	GAP	640024	640224	201	196	5
gi|13507739|ref|NC_000912.1|	JMP	642721	642725	5
gi|13507739|ref|NC_000912.1|	GAP	644142	643701	-440	-422	-18
gi|13507739|ref|NC_000912.1|	GAP	645103	646637	1535	305	1230
gi|13507739|ref|NC_000912.1|	GAP	647772	647970	199	53	146
gi|13507739|ref|NC_000912.1|	GAP	648817	648907	91	77	14
gi|13507739|ref|NC_000912.1|	GAP	649037	648912	-124	-124	0
gi|13507739|ref|NC_000912.1|	GAP	649039	649121	83	39	44
gi|13507739|ref|NC_000912.1|	GAP	649803	649750	-52	-53	1
gi|13507739|ref|NC_000912.1|	GAP	651248	651393	146	146	0
gi|13507739|ref|NC_000912.1|	GAP	654022	654115	94	63	31
gi|13507739|ref|NC_000912.1|	GAP	654974	654966	-7	-11	4
gi|13507739|ref|NC_000912.1|	GAP	656143	654989	-1153	-1153	0
gi|13507739|ref|NC_000912.1|	GAP	658443	658431	-11	-10	-1
gi|13507739|ref|NC_000912.1|	GAP	659722	659667	-54	-49	-5
gi|13507739|ref|NC_000912.1|	GAP	660673	660667	-5	-9	4
gi|13507739|ref|NC_000912.1|	JMP	660899	660890	-8
gi|13507739|ref|NC_000912.1|	GAP	662805	662770	-34	-32	-2
gi|13507739|ref|NC_000912.1|	GAP	664832	664817	-14	-10	-4
gi|13507739|ref|NC_000912.1|	GAP	668370	668330	-39	-31	-8
gi|13507739|ref|NC_000912.1|	GAP	670203	670138	-64	-64	0
gi|13507739|ref|NC_000912.1|	GAP	672281	671288	-992	-983	-9
gi|13507739|ref|NC_000912.1|	GAP	673401	672492	-908	-911	3
gi|13507739|ref|NC_000912.1|	GAP	675055	675045	-9	-8	-1
gi|13507739|ref|NC_000912.1|	GAP	675685	675690	6	13	-7
gi|13507739|ref|NC_000912.1|	GAP	677308	677307	0	1	-1
gi|13507739|ref|NC_000912.1|	GAP	679441	678920	-520	-520	0
gi|13507739|ref|NC_000912.1|	GAP	680400	680391	-8	-7	-1
gi|13507739|ref|NC_000912.1|	GAP	680485	683037	2553	1557	996
gi|13507739|ref|NC_000912.1|	GAP	684547	686595	2049	562	1487
gi|13507739|ref|NC_000912.1|	BRK	687340	687345	6
gi|13507739|ref|NC_000912.1|	DUP	687346	688809	1464
gi|13507739|ref|NC_000912.1|	JMP	688810	689646	837
gi|13507739|ref|NC_000912.1|	GAP	690475	690558	84	274	-190
gi|13507739|ref|NC_000912.1|	GAP	692269	692254	-14	-18	4
gi|13507739|ref|NC_000912.1|	GAP	694256	694340	85	80	5
gi|13507739|ref|NC_000912.1|	GAP	696189	695637	-551	-560	9
gi|13507739|ref|NC_000912.1|	GAP	697351	697361	11	-3	14
gi|13507739|ref|NC_000912.1|	GAP	697707	698678	972	89	883
gi|13507739|ref|NC_000912.1|	GAP	699927	716766	16840	1741	15099
gi|13507739|ref|NC_000912.1|	GAP	717430	717434	5	0	5
gi|13507739|ref|NC_000912.1|	GAP	719145	719086	-58	-83	25
gi|13507739|ref|NC_000912.1|	GAP	719546	719544	-1	1	-2
gi|13507739|ref|NC_000912.1|	GAP	720979	721246	268	273	-5
gi|13507739|ref|NC_000912.1|	GAP	723374	723384	11	18	-7
gi|13507739|ref|NC_000912.1|	GAP	724327	723391	-935	-938	3
gi|13507739|ref|NC_000912.1|	GAP	725120	724724	-395	-359	-36
gi|13507739|ref|NC_000912.1|	JMP	725862	726077	216
gi|13507739|ref|NC_000912.1|	GAP	731871	731644	-226	-229	3
gi|13507739|ref|NC_000912.1|	GAP	732809	739422	6614	5332	1282
gi|13507739|ref|NC_000912.1|	GAP	740296	742319	2024	1773	251
gi|13507739|ref|NC_000912.1|	GAP	745521	747738	2218	2198	20
gi|13507739|ref|NC_000912.1|	GAP	749428	749431	4	2	2
gi|13507739|ref|NC_000912.1|	GAP	749702	749849	148	179	-31
gi|13507739|ref|NC_000912.1|	GAP	751203	751223	21	22	-1
gi|13507739|ref|NC_000912.1|	GAP	751449	751464	16	14	2
gi|13507739|ref|NC_000912.1|	GAP	751951	752023	73	61	12
gi|13507739|ref|NC_000912.1|	GAP	754259	754244	-14	-15	1
gi|13507739|ref|NC_000912.1|	GAP	756078	755529	-548	-548	0
gi|13507739|ref|NC_000912.1|	GAP	756520	756622	103	95	8
gi|13507739|ref|NC_000912.1|	GAP	757787	757833	47	37	10
gi|13507739|ref|NC_000912.1|	GAP	759472	762635	3164	3	3161
gi|13507739|ref|NC_000912.1|	GAP	763305	763754	450	457	-7
gi|13507739|ref|NC_000912.1|	GAP	765525	767290	1766	1246	520
gi|13507739|ref|NC_000912.1|	GAP	768146	768962	817	-849	1666
gi|13507739|ref|NC_000912.1|	BRK	769791	771478	1688
gi|13507739|ref|NC_000912.1|	DUP	771479	772330	852
gi|13507739|ref|NC_000912.1|	BRK	772331	781698	9368
gi|13507739|ref|NC_000912.1|	GAP	784498	784488	-9	541	-550
gi|13507739|ref|NC_000912.1|	GAP	787027	785405	-1621	-1615	-6
gi|13507739|ref|NC_000912.1|	GAP	787089	787927	839	829	10
gi|13507739|ref|NC_000912.1|	GAP	789422	789417	-4	-6	2
gi|13507739|ref|NC_000912.1|	GAP	791017	791016	0	-4	4
gi|13507739|ref|NC_000912.1|	GAP	792658	794289	1632	1543	89
gi|13507739|ref|NC_000912.1|	GAP	796429	794290	-2138	-2114	-24
gi|13507739|ref|NC_000912.1|	GAP	796433	796611	179	176	3
gi|13507739|ref|NC_000912.1|	GAP	797152	797138	-13	-11	-2
gi|13507739|ref|NC_000912.1|	GAP	797655	797779	125	127	-2
gi|13507739|ref|NC_000912.1|	GAP	798758	800728	1971	-10	1981
gi|13507739|ref|NC_000912.1|	DUP	800730	803828	3099
gi|13507739|ref|NC_000912.1|	JMP	803829	803980	152
gi|13507739|ref|NC_000912.1|	GAP	806903	806891	-11	-30	19
gi|13507739|ref|NC_000912.1|	GAP	813363	811807	-1555	-1552	-3
gi|13507739|ref|NC_000912.1|	GAP	813416	813443	28	23	5
gi|13507739|ref|NC_000912.1|	GAP	814974	814096	-877	-871	-6
gi|13507739|ref|NC_000912.1|	GAP	815018	815489	472	388	84
gi|13507739|ref|NC_000912.1|	BRK	816342	816394	53
